<?xml version="1.0" encoding="UTF-8"?>
<!-- Generated by org.testng.reporters.JUnitReportReporter -->
<testsuite skipped="0" hostname="DESKTOP-2D71F7R" name="sample.testing.MavenDemo" tests="1" failures="0" timestamp="2023-04-20T05:48:35 IST" time="9.528" errors="0">
  <testcase name="setUp" time="9.528" classname="sample.testing.MavenDemo"/>
  <system-out/>
</testsuite> <!-- sample.testing.MavenDemo -->
